0 info it worked if it ends with ok
1 verbose cli [ '/usr/local/bin/node', '/usr/local/bin/npm', 'start' ]
2 info using npm@3.10.3
3 info using node@v6.5.0
4 verbose run-script [ 'prestart', 'start', 'poststart' ]
5 info lifecycle countPlayers@0.0.1-2~prestart: countPlayers@0.0.1-2
6 silly lifecycle countPlayers@0.0.1-2~prestart: no script for prestart, continuing
7 info lifecycle countPlayers@0.0.1-2~start: countPlayers@0.0.1-2
8 verbose lifecycle countPlayers@0.0.1-2~start: unsafe-perm in lifecycle true
9 verbose lifecycle countPlayers@0.0.1-2~start: PATH: /usr/local/lib/node_modules/npm/bin/node-gyp-bin:/Users/Becca/Google Drive/Junior Year/MobileToCloud/Final Project/foundation-6.2.4-complete/node_modules/.bin:/usr/local/bin:/Users/Becca/miniconda3/bin:/Library/Frameworks/Python.framework/Versions/3.5/bin:/Applications/Postgres.app/Contents/Versions/latest/bin/:/Users/Becca/.rvm/gems/ruby-2.2.4/bin:/Users/Becca/.rvm/gems/ruby-2.2.4@global/bin:/Users/Becca/.rvm/rubies/ruby-2.2.4/bin:/Library/Frameworks/Python.framework/Versions/3.4/bin:/usr/local/bin:/usr/bin:/bin:/usr/sbin:/sbin:/opt/X11/bin:/Users/Becca/.rvm/bin
10 verbose lifecycle countPlayers@0.0.1-2~start: CWD: /Users/Becca/Google Drive/Junior Year/MobileToCloud/Final Project/foundation-6.2.4-complete
11 silly lifecycle countPlayers@0.0.1-2~start: Args: [ '-c', 'node app.js' ]
12 silly lifecycle countPlayers@0.0.1-2~start: Returned: code: 1  signal: null
13 info lifecycle countPlayers@0.0.1-2~start: Failed to exec start script
14 verbose stack Error: countPlayers@0.0.1-2 start: `node app.js`
14 verbose stack Exit status 1
14 verbose stack     at EventEmitter.<anonymous> (/usr/local/lib/node_modules/npm/lib/utils/lifecycle.js:242:16)
14 verbose stack     at emitTwo (events.js:106:13)
14 verbose stack     at EventEmitter.emit (events.js:191:7)
14 verbose stack     at ChildProcess.<anonymous> (/usr/local/lib/node_modules/npm/lib/utils/spawn.js:40:14)
14 verbose stack     at emitTwo (events.js:106:13)
14 verbose stack     at ChildProcess.emit (events.js:191:7)
14 verbose stack     at maybeClose (internal/child_process.js:877:16)
14 verbose stack     at Process.ChildProcess._handle.onexit (internal/child_process.js:226:5)
15 verbose pkgid countPlayers@0.0.1-2
16 verbose cwd /Users/Becca/Google Drive/Junior Year/MobileToCloud/Final Project/foundation-6.2.4-complete
17 error Darwin 15.2.0
18 error argv "/usr/local/bin/node" "/usr/local/bin/npm" "start"
19 error node v6.5.0
20 error npm  v3.10.3
21 error code ELIFECYCLE
22 error countPlayers@0.0.1-2 start: `node app.js`
22 error Exit status 1
23 error Failed at the countPlayers@0.0.1-2 start script 'node app.js'.
23 error Make sure you have the latest version of node.js and npm installed.
23 error If you do, this is most likely a problem with the countPlayers package,
23 error not with npm itself.
23 error Tell the author that this fails on your system:
23 error     node app.js
23 error You can get information on how to open an issue for this project with:
23 error     npm bugs countPlayers
23 error Or if that isn't available, you can get their info via:
23 error     npm owner ls countPlayers
23 error There is likely additional logging output above.
24 verbose exit [ 1, true ]
